<?xml version="1.0" encoding="UTF-8"?>
<!-- Generated by org.testng.reporters.JUnitXMLReporter -->
<testsuite ignored="6" hostname="Anu" failures="0" tests="1" name="Default test" time="4.73" errors="0" timestamp="2022-07-11T15:57:35 GMT-06:00">
  <testcase classname="TestCases.LoginScenariosTC" name="validCredentials" time="0.419"/>
  <testcase classname="TestCases.LoginScenariosTC" name="invalidUserName" time="0.0">
    <ignored/>
  </testcase> <!-- invalidUserName -->
  <testcase classname="TestCases.LoginScenariosTC" name="emptyCredentials" time="0.0">
    <ignored/>
  </testcase> <!-- emptyCredentials -->
  <testcase classname="TestCases.LoginScenariosTC" name="emptyUserName" time="0.0">
    <ignored/>
  </testcase> <!-- emptyUserName -->
  <testcase classname="TestCases.LoginScenariosTC" name="invalidCredentials" time="0.0">
    <ignored/>
  </testcase> <!-- invalidCredentials -->
  <testcase classname="TestCases.LoginScenariosTC" name="emptyPassword" time="0.0">
    <ignored/>
  </testcase> <!-- emptyPassword -->
  <testcase classname="TestCases.LoginScenariosTC" name="invalidPassword" time="0.0">
    <ignored/>
  </testcase> <!-- invalidPassword -->
</testsuite> <!-- Default test -->
