<?xml version="1.0" encoding="UTF-8"?>
<testng-results ignored="6" total="7" passed="1" failed="0" skipped="0">
  <reporter-output>
  </reporter-output>
  <suite started-at="2022-07-11T10:58:32 GMT-06:00" name="Default suite" finished-at="2022-07-11T10:58:36 GMT-06:00" duration-ms="4836">
    <groups>
    </groups>
    <test started-at="2022-07-11T10:58:32 GMT-06:00" name="Default test" finished-at="2022-07-11T10:58:36 GMT-06:00" duration-ms="4836">
      <class name="TestCases.LoginScenariosTC">
        <test-method is-config="true" signature="openBrowser()[pri:0, instance:TestCases.LoginScenariosTC@6404f418]" started-at="2022-07-11T10:58:32 GMT-06:00" name="openBrowser" finished-at="2022-07-11T10:58:36 GMT-06:00" duration-ms="4216" status="PASS">
          <reporter-output>
          </reporter-output>
        </test-method> <!-- openBrowser -->
        <test-method signature="validCredentials()[pri:0, instance:TestCases.LoginScenariosTC@6404f418]" started-at="2022-07-11T10:58:36 GMT-06:00" name="validCredentials" finished-at="2022-07-11T10:58:36 GMT-06:00" duration-ms="402" status="PASS">
          <reporter-output>
          </reporter-output>
        </test-method> <!-- validCredentials -->
        <test-method is-config="true" signature="closeBrowser()[pri:0, instance:TestCases.LoginScenariosTC@6404f418]" started-at="2022-07-11T10:58:36 GMT-06:00" name="closeBrowser" finished-at="2022-07-11T10:58:36 GMT-06:00" duration-ms="178" status="PASS">
          <reporter-output>
          </reporter-output>
        </test-method> <!-- closeBrowser -->
      </class> <!-- TestCases.LoginScenariosTC -->
    </test> <!-- Default test -->
  </suite> <!-- Default suite -->
</testng-results>
