<?xml version="1.0" encoding="UTF-8"?>
<!-- Generated by org.testng.reporters.JUnitXMLReporter -->
<testsuite ignored="0" hostname="Anu" failures="0" tests="7" name="edge" time="31.887" errors="0" timestamp="2022-07-11T18:24:19 GMT-06:00">
  <testcase classname="TestCases.LoginScenariosTC" name="emptyCredentials" time="0.375"/>
  <testcase classname="TestCases.LoginScenariosTC" name="emptyPassword" time="0.389"/>
  <testcase classname="TestCases.LoginScenariosTC" name="emptyUserName" time="0.418"/>
  <testcase classname="TestCases.LoginScenariosTC" name="invalidCredentials" time="0.405"/>
  <testcase classname="TestCases.LoginScenariosTC" name="invalidPassword" time="0.426"/>
  <testcase classname="TestCases.LoginScenariosTC" name="invalidUserName" time="0.405"/>
  <testcase classname="TestCases.LoginScenariosTC" name="validCredentials" time="0.445"/>
</testsuite> <!-- edge -->
