<?xml version="1.0" encoding="UTF-8"?>
<!-- Generated by org.testng.reporters.JUnitXMLReporter -->
<testsuite ignored="0" hostname="Anu" failures="0" tests="7" name="Test" time="21.98" errors="0" timestamp="2022-07-11T18:23:47 GMT-06:00">
  <testcase classname="TestCases.LoginScenariosTC" name="emptyCredentials" time="0.406"/>
  <testcase classname="TestCases.LoginScenariosTC" name="emptyPassword" time="0.398"/>
  <testcase classname="TestCases.LoginScenariosTC" name="emptyUserName" time="0.376"/>
  <testcase classname="TestCases.LoginScenariosTC" name="invalidCredentials" time="0.388"/>
  <testcase classname="TestCases.LoginScenariosTC" name="invalidPassword" time="0.383"/>
  <testcase classname="TestCases.LoginScenariosTC" name="invalidUserName" time="0.436"/>
  <testcase classname="TestCases.LoginScenariosTC" name="validCredentials" time="0.397"/>
</testsuite> <!-- Test -->
